20:05:06 [main        ] INFO   >> Starting ApiApplication using Java 15.0.1 on DESKTOP-BIURFUP with PID 17900 (C:\Users\shear\Documents\Projects\SmartGiveaways\smart-giveaway-bot\api\build\classes\java\main started by shear in C:\Users\shear\Documents\Projects\SmartGiveaways\smart-giveaway-bot)
20:05:06 [main        ] INFO   >> No active profile set, falling back to default profiles: default
20:05:06 [background-p] WARN   >> For Jackson Kotlin classes support please add "com.fasterxml.jackson.module:jackson-module-kotlin" to the classpath
20:05:07 [main        ] INFO   >> Tomcat initialized with port(s): 8080 (http)
20:05:07 [main        ] INFO   >> Initializing ProtocolHandler ["http-nio-8080"]
20:05:07 [main        ] INFO   >> Starting service [Tomcat]
20:05:07 [main        ] INFO   >> Starting Servlet engine: [Apache Tomcat/9.0.41]
20:05:07 [main        ] INFO   >> Initializing Spring embedded WebApplicationContext
20:05:07 [main        ] INFO   >> Root WebApplicationContext: initialization completed in 777 ms
20:05:07 [main        ] INFO   >> Initializing ExecutorService 'applicationTaskExecutor'
20:05:08 [main        ] INFO   >> 

Using generated security password: ade5079b-067d-4253-abb5-0d1bceba7f30

20:05:08 [main        ] INFO   >> Will secure any request with [org.springframework.security.web.context.request.async.WebAsyncManagerIntegrationFilter@4dcbae55, org.springframework.security.web.context.SecurityContextPersistenceFilter@73fbdf68, org.springframework.security.web.header.HeaderWriterFilter@3f6f3cc, org.springframework.security.web.csrf.CsrfFilter@461c3709, org.springframework.security.web.authentication.logout.LogoutFilter@7e15f4d4, org.springframework.security.web.authentication.UsernamePasswordAuthenticationFilter@2a2dc0a, org.springframework.security.web.authentication.ui.DefaultLoginPageGeneratingFilter@5a058be5, org.springframework.security.web.authentication.ui.DefaultLogoutPageGeneratingFilter@4a9860, org.springframework.security.web.authentication.www.BasicAuthenticationFilter@13bdf540, org.springframework.security.web.savedrequest.RequestCacheAwareFilter@236eccd1, org.springframework.security.web.servletapi.SecurityContextHolderAwareRequestFilter@183ade54, org.springframework.security.web.authentication.AnonymousAuthenticationFilter@7ca16adc, org.springframework.security.web.session.SessionManagementFilter@733c464f, org.springframework.security.web.access.ExceptionTranslationFilter@47acd13b, org.springframework.security.web.access.intercept.FilterSecurityInterceptor@654e6a90]
20:05:08 [main        ] INFO   >> Starting ProtocolHandler ["http-nio-8080"]
20:05:08 [main        ] INFO   >> Tomcat started on port(s): 8080 (http) with context path ''
20:05:08 [main        ] INFO   >> Started ApiApplication in 1.715 seconds (JVM running for 2.563)
20:05:26 [http-nio-808] INFO   >> Initializing Spring DispatcherServlet 'dispatcherServlet'
20:05:26 [http-nio-808] INFO   >> Initializing Servlet 'dispatcherServlet'
20:05:26 [http-nio-808] INFO   >> Completed initialization in 1 ms
20:09:14 [main        ] INFO   >> Base path set to: file:/C:/Users/shear/Documents/Projects/SmartGiveaways/smart-giveaway-bot/discord/build/classes/java/main/
20:09:14 [main        ] ERROR  >> The file 'settings.yml' did not exist. You must make it.
20:09:14 [main        ] ERROR  >> Target path to file: C:\Users\shear\Documents\Projects\SmartGiveaways\smart-giveaway-bot\discord\build\classes\java\settings.yml
20:11:22 [main        ] INFO   >> Base path set to: file:/C:/Users/shear/Documents/Projects/SmartGiveaways/smart-giveaway-bot/discord/build/classes/java/main/
20:11:23 [main        ] INFO   >> Login Successful!
20:11:23 [main        ] INFO   >> Set required shards to 1
20:11:23 [JDA [0 / 1] ] INFO   >> Connected to WebSocket
20:11:23 [main        ] INFO   >> [Language] en-uk loaded 158/158 messages (100% coverage)
20:11:23 [background-p] WARN   >> For Jackson Kotlin classes support please add "com.fasterxml.jackson.module:jackson-module-kotlin" to the classpath
20:11:23 [main        ] INFO   >> Starting ApiApplication using Java 15.0.1 on DESKTOP-BIURFUP with PID 6588 (C:\Users\shear\Documents\Projects\SmartGiveaways\smart-giveaway-bot\api\build\classes\java\main started by shear in C:\Users\shear\Documents\Projects\SmartGiveaways\smart-giveaway-bot)
20:11:23 [main        ] INFO   >> No active profile set, falling back to default profiles: default
20:11:23 [JDA [0 / 1] ] INFO   >> Successfully tested latency on attempt no. 1
20:11:24 [main        ] INFO   >> Tomcat initialized with port(s): 8080 (http)
20:11:24 [main        ] INFO   >> Initializing ProtocolHandler ["http-nio-8080"]
20:11:24 [main        ] INFO   >> Starting service [Tomcat]
20:11:24 [main        ] INFO   >> Starting Servlet engine: [Apache Tomcat/9.0.41]
20:11:24 [main        ] INFO   >> Initializing Spring embedded WebApplicationContext
20:11:24 [main        ] INFO   >> Root WebApplicationContext: initialization completed in 690 ms
20:11:24 [storage-0   ] INFO   >> Loaded 0 giveaways in 706 milliseconds
20:11:24 [main        ] INFO   >> Initializing ExecutorService 'applicationTaskExecutor'
20:11:24 [JDA [0 / 1] ] INFO   >> Finished startup. The bot is now fully registered.
20:11:24 [main        ] INFO   >> 

Using generated security password: d78f6d6e-9e44-4b65-bab1-548adcd89aed

20:11:24 [main        ] INFO   >> Will secure any request with [org.springframework.security.web.context.request.async.WebAsyncManagerIntegrationFilter@5203c80f, org.springframework.security.web.context.SecurityContextPersistenceFilter@6d6039df, org.springframework.security.web.header.HeaderWriterFilter@24a04257, org.springframework.security.web.csrf.CsrfFilter@7772d266, org.springframework.security.web.authentication.logout.LogoutFilter@3f866f50, org.springframework.security.web.authentication.UsernamePasswordAuthenticationFilter@3ec9f8d, org.springframework.security.web.authentication.ui.DefaultLoginPageGeneratingFilter@5844a2d1, org.springframework.security.web.authentication.ui.DefaultLogoutPageGeneratingFilter@439f2d87, org.springframework.security.web.authentication.www.BasicAuthenticationFilter@550c973e, org.springframework.security.web.savedrequest.RequestCacheAwareFilter@13e00016, org.springframework.security.web.servletapi.SecurityContextHolderAwareRequestFilter@4e4395c, org.springframework.security.web.authentication.AnonymousAuthenticationFilter@721bf7ad, org.springframework.security.web.session.SessionManagementFilter@eaf8427, org.springframework.security.web.access.ExceptionTranslationFilter@63124022, org.springframework.security.web.access.intercept.FilterSecurityInterceptor@773eca84]
20:11:24 [main        ] INFO   >> Starting ProtocolHandler ["http-nio-8080"]
20:11:24 [main        ] WARN   >> Exception encountered during context initialization - cancelling refresh attempt: org.springframework.context.ApplicationContextException: Failed to start bean 'webServerStartStop'; nested exception is org.springframework.boot.web.server.PortInUseException: Port 8080 is already in use
20:11:24 [main        ] INFO   >> Shutting down ExecutorService 'applicationTaskExecutor'
20:11:24 [main        ] INFO   >> Pausing ProtocolHandler ["http-nio-8080"]
20:11:24 [main        ] INFO   >> Stopping service [Tomcat]
20:11:24 [main        ] INFO   >> Stopping ProtocolHandler ["http-nio-8080"]
20:11:24 [main        ] INFO   >> Destroying ProtocolHandler ["http-nio-8080"]
20:11:24 [main        ] INFO   >> 

Error starting ApplicationContext. To display the conditions report re-run your application with 'debug' enabled.
20:11:24 [main        ] ERROR  >> 

***************************
APPLICATION FAILED TO START
***************************

Description:

Web server failed to start. Port 8080 was already in use.

Action:

Identify and stop the process that's listening on port 8080 or configure this application to listen on another port.

20:12:47 [main        ] INFO   >> Base path set to: file:/C:/Users/shear/Documents/Projects/SmartGiveaways/smart-giveaway-bot/discord/build/classes/java/main/
20:12:47 [main        ] INFO   >> Login Successful!
20:12:48 [main        ] INFO   >> Set required shards to 1
20:12:48 [JDA [0 / 1] ] INFO   >> Connected to WebSocket
20:12:48 [main        ] INFO   >> [Language] en-uk loaded 158/158 messages (100% coverage)
20:12:48 [background-p] WARN   >> For Jackson Kotlin classes support please add "com.fasterxml.jackson.module:jackson-module-kotlin" to the classpath
20:12:48 [main        ] INFO   >> Starting ApiApplication using Java 15.0.1 on DESKTOP-BIURFUP with PID 7000 (C:\Users\shear\Documents\Projects\SmartGiveaways\smart-giveaway-bot\api\build\classes\java\main started by shear in C:\Users\shear\Documents\Projects\SmartGiveaways\smart-giveaway-bot)
20:12:48 [main        ] INFO   >> No active profile set, falling back to default profiles: default
20:12:48 [JDA [0 / 1] ] INFO   >> Successfully tested latency on attempt no. 1
20:12:49 [main        ] INFO   >> Tomcat initialized with port(s): 8080 (http)
20:12:49 [main        ] INFO   >> Initializing ProtocolHandler ["http-nio-8080"]
20:12:49 [main        ] INFO   >> Starting service [Tomcat]
20:12:49 [main        ] INFO   >> Starting Servlet engine: [Apache Tomcat/9.0.41]
20:12:49 [main        ] INFO   >> Initializing Spring embedded WebApplicationContext
20:12:49 [main        ] INFO   >> Root WebApplicationContext: initialization completed in 703 ms
20:12:49 [storage-0   ] INFO   >> Loaded 0 giveaways in 699 milliseconds
20:12:49 [main        ] INFO   >> Initializing ExecutorService 'applicationTaskExecutor'
20:12:49 [JDA [0 / 1] ] INFO   >> Finished startup. The bot is now fully registered.
20:12:49 [main        ] INFO   >> 

Using generated security password: c804f4cb-12d4-4540-b140-fab7b91da124

20:12:49 [main        ] INFO   >> Will secure any request with [org.springframework.security.web.context.request.async.WebAsyncManagerIntegrationFilter@5203c80f, org.springframework.security.web.context.SecurityContextPersistenceFilter@6d6039df, org.springframework.security.web.header.HeaderWriterFilter@24a04257, org.springframework.security.web.csrf.CsrfFilter@7772d266, org.springframework.security.web.authentication.logout.LogoutFilter@3f866f50, org.springframework.security.web.authentication.UsernamePasswordAuthenticationFilter@3ec9f8d, org.springframework.security.web.authentication.ui.DefaultLoginPageGeneratingFilter@5844a2d1, org.springframework.security.web.authentication.ui.DefaultLogoutPageGeneratingFilter@439f2d87, org.springframework.security.web.authentication.www.BasicAuthenticationFilter@550c973e, org.springframework.security.web.savedrequest.RequestCacheAwareFilter@13e00016, org.springframework.security.web.servletapi.SecurityContextHolderAwareRequestFilter@4e4395c, org.springframework.security.web.authentication.AnonymousAuthenticationFilter@721bf7ad, org.springframework.security.web.session.SessionManagementFilter@eaf8427, org.springframework.security.web.access.ExceptionTranslationFilter@63124022, org.springframework.security.web.access.intercept.FilterSecurityInterceptor@773eca84]
20:12:49 [main        ] INFO   >> Starting ProtocolHandler ["http-nio-8080"]
20:12:49 [main        ] INFO   >> Tomcat started on port(s): 8080 (http) with context path ''
20:12:49 [main        ] INFO   >> Started ApiApplication in 1.372 seconds (JVM running for 3.04)
20:13:02 [http-nio-808] INFO   >> Initializing Spring DispatcherServlet 'dispatcherServlet'
20:13:02 [http-nio-808] INFO   >> Initializing Servlet 'dispatcherServlet'
20:13:02 [http-nio-808] INFO   >> Completed initialization in 1 ms
